<?xml version="1.0" encoding="UTF-8"?>
<!-- Generated by org.testng.reporters.JUnitReportReporter -->
<testsuite skipped="0" hostname="DESKTOP-1U1LOV2" name="quickprojectmaven.Mavenjava.AppiumTest" tests="2" failures="0" timestamp="2021-06-03T11:32:50 IST" time="0.047" errors="0">
  <testcase name="nativeAppAndroid" time="0.003" classname="quickprojectmaven.Mavenjava.AppiumTest"/>
  <system-out/>
  <testcase name="IOSApps" time="0.044" classname="quickprojectmaven.Mavenjava.AppiumTest"/>
  <system-out/>
</testsuite> <!-- quickprojectmaven.Mavenjava.AppiumTest -->
