<?xml version="1.0" encoding="UTF-8"?>
<!-- Generated by org.testng.reporters.JUnitReportReporter -->
<testsuite skipped="0" hostname="DESKTOP-1U1LOV2" name="quickprojectmaven.Mavenjava.RESTAPITest" tests="2" failures="0" timestamp="2021-05-28T17:22:51 IST" time="0.004" errors="0">
  <testcase name="deleteTwitter" time="0.002" classname="quickprojectmaven.Mavenjava.RESTAPITest"/>
  <system-out/>
  <testcase name="postJira" time="0.002" classname="quickprojectmaven.Mavenjava.RESTAPITest"/>
  <system-out/>
</testsuite> <!-- quickprojectmaven.Mavenjava.RESTAPITest -->
