<?xml version="1.0" encoding="UTF-8"?>
<!-- Generated by org.testng.reporters.JUnitReportReporter -->
<testsuite hostname="DESKTOP-1U1LOV2" failures="0" tests="2" name="quickprojectmaven.Mavenjava.SeleniumTest" time="0.000" errors="0" timestamp="2021-06-11T14:48:55 IST" skipped="0">
  <testcase classname="quickprojectmaven.Mavenjava.SeleniumTest" name="browserAutomation" time="0.000"/>
  <system-out/>
  <testcase classname="quickprojectmaven.Mavenjava.SeleniumTest" name="elementsUi" time="0.000"/>
  <system-out/>
</testsuite> <!-- quickprojectmaven.Mavenjava.SeleniumTest -->
