<?xml version="1.0" encoding="UTF-8"?>
<!-- Generated by org.testng.reporters.JUnitReportReporter -->
<testsuite hostname="DESKTOP-1U1LOV2" failures="0" tests="2" name="quickprojectmaven.Mavenjava.RESTAPITest" time="0.002" errors="0" timestamp="2021-06-11T14:48:55 IST" skipped="0">
  <testcase classname="quickprojectmaven.Mavenjava.RESTAPITest" name="deleteTwitter" time="0.001"/>
  <system-out/>
  <testcase classname="quickprojectmaven.Mavenjava.RESTAPITest" name="postJira" time="0.001"/>
  <system-out/>
</testsuite> <!-- quickprojectmaven.Mavenjava.RESTAPITest -->
